{"level":"info","message":"login passport"}
{"level":"info","message":{"__v":0,"_id":"641c9fc7f67851032290d0bb","age":19,"email":"javiermaita@hotmail.com.ar","first_name":"Javier","last_name":"Maita","password":"$2b$10$MhYpBygDwskaidTMtitMvOIpn2Bubl6ASqKcdagYAMc//RsPope8O","roll":"user"}}
{"level":"info","message":"usted es usuario"}
{"level":"info","message":"login passport"}
{"level":"info","message":{"__v":0,"_id":"641c9fc7f67851032290d0bb","age":19,"email":"javiermaita@hotmail.com.ar","first_name":"Javier","last_name":"Maita","password":"$2b$10$MhYpBygDwskaidTMtitMvOIpn2Bubl6ASqKcdagYAMc//RsPope8O","roll":"user"}}
{"level":"info","message":"usted es usuario"}
{"level":"info","message":"login passport"}
{"level":"info","message":{"__v":0,"_id":"641c9fc7f67851032290d0bb","age":19,"email":"javiermaita@hotmail.com.ar","first_name":"Javier","last_name":"Maita","password":"$2b$10$MhYpBygDwskaidTMtitMvOIpn2Bubl6ASqKcdagYAMc//RsPope8O","roll":"user"}}
{"level":"error","message":"datos invalidos"}
{"level":"info","message":"login passport"}
{"level":"info","message":null}
{"level":"error","message":"usuario no existe"}
{"level":"info","message":"login passport"}
{"level":"info","message":null}
{"level":"error","message":"usuario no existe"}
{"level":"info","message":"login passport"}
{"level":"info","message":{"__v":0,"_id":"646ae887c19ade097d27be0d","age":18,"cart":"646ae887c19ade097d27be0b","email":"javiermaita@hotmail.com.ar","first_name":"Javier","last_name":"Maita","password":"$2b$10$l0mHzxQWKx5B3fWW1KK5Wuowjgbdb0WwaFkuAKnosM7GpfNi7oJU6","roll":"user"}}
{"level":"info","message":"usted es usuario"}
{"level":"info","message":"login passport"}
{"level":"info","message":{"__v":0,"_id":"646aeacf7bb59e4962a68f83","age":18,"cart":"646aeacf7bb59e4962a68f81","email":"javiermaita@hotmail.com.ar","first_name":"Javier","last_name":"Maita","password":"$2b$10$KnGB5gFIXQjOCL/KXGuPBuX8RlIzOhYF4qku5FG.zXmrVXd1jtmB.","roll":"user"}}
{"level":"info","message":"usted es usuario"}
{"level":"info","message":"login passport"}
{"level":"info","message":{"__v":0,"_id":"646aeada7bb59e4962a68fa0","age":18,"cart":"646aeacf7bb59e4962a68f81","email":"javiermaita@hotmail.com.ar","first_name":"Javier","last_name":"Maita","password":"$2b$10$CCKvLKJPANr7A2YogPbsX.wsedDVtwJHkS/QoiiW/2G15aG1.jbIm","roll":"user"}}
{"level":"error","message":"datos invalidos"}
{"level":"info","message":"login passport"}
{"level":"info","message":{"__v":0,"_id":"646aeada7bb59e4962a68fa0","age":18,"cart":"646aeacf7bb59e4962a68f81","email":"javiermaita@hotmail.com.ar","first_name":"Javier","last_name":"Maita","password":"$2b$10$CCKvLKJPANr7A2YogPbsX.wsedDVtwJHkS/QoiiW/2G15aG1.jbIm","roll":"user"}}
{"level":"info","message":"usted es usuario"}
{"level":"info","message":"login passport"}
{"level":"info","message":{"__v":0,"_id":"646aeada7bb59e4962a68fa0","age":18,"cart":"646aeacf7bb59e4962a68f81","email":"javiermaita@hotmail.com.ar","first_name":"Javier","last_name":"Maita","password":"$2b$10$CCKvLKJPANr7A2YogPbsX.wsedDVtwJHkS/QoiiW/2G15aG1.jbIm","roll":"user"}}
{"level":"info","message":"usted es usuario"}
{"level":"info","message":"login passport"}
{"level":"info","message":{"__v":0,"_id":"646aeada7bb59e4962a68fa0","age":18,"cart":"646aeacf7bb59e4962a68f81","email":"javiermaita@hotmail.com.ar","first_name":"Javier","last_name":"Maita","password":"$2b$10$CCKvLKJPANr7A2YogPbsX.wsedDVtwJHkS/QoiiW/2G15aG1.jbIm","roll":"user"}}
{"level":"info","message":"usted es usuario"}
{"level":"info","message":"login passport"}
{"level":"info","message":{"__v":0,"_id":"646c246988f6c0977d34ca54","age":18,"cart":"646aeacf7bb59e4962a68f81","email":"javiermaita@hotmail.com.ar","first_name":"Javier","last_name":"Maita","password":"$2b$10$QJk0KSrhgiV/.hY7/zH4qe6qsDepNXDNccVHyvVCIN0y58SeJLz8O","roll":"user"}}
{"level":"error","message":"datos invalidos"}
{"level":"info","message":"login passport"}
{"level":"info","message":{"__v":0,"_id":"646c246988f6c0977d34ca54","age":18,"cart":"646aeacf7bb59e4962a68f81","email":"javiermaita@hotmail.com.ar","first_name":"Javier","last_name":"Maita","password":"$2b$10$QJk0KSrhgiV/.hY7/zH4qe6qsDepNXDNccVHyvVCIN0y58SeJLz8O","roll":"user"}}
{"level":"info","message":"usted es usuario"}
{"level":"info","message":"login passport"}
{"level":"info","message":{"__v":0,"_id":"646c246988f6c0977d34ca54","age":18,"cart":"646aeacf7bb59e4962a68f81","email":"javiermaita@hotmail.com.ar","first_name":"Javier","last_name":"Maita","password":"$2b$10$QJk0KSrhgiV/.hY7/zH4qe6qsDepNXDNccVHyvVCIN0y58SeJLz8O","roll":"user"}}
{"level":"info","message":"usted es usuario"}
{"level":"info","message":"login passport"}
{"level":"info","message":{"__v":0,"_id":"646c246988f6c0977d34ca54","age":18,"cart":"646aeacf7bb59e4962a68f81","email":"javiermaita@hotmail.com.ar","first_name":"Javier","last_name":"Maita","password":"$2b$10$QJk0KSrhgiV/.hY7/zH4qe6qsDepNXDNccVHyvVCIN0y58SeJLz8O","roll":"user"}}
{"level":"info","message":"usted es usuario"}
{"level":"info","message":"login passport"}
{"level":"info","message":{"__v":0,"_id":"646c246988f6c0977d34ca54","age":18,"cart":"646aeacf7bb59e4962a68f81","email":"javiermaita@hotmail.com.ar","first_name":"Javier","last_name":"Maita","password":"$2b$10$QJk0KSrhgiV/.hY7/zH4qe6qsDepNXDNccVHyvVCIN0y58SeJLz8O","roll":"user"}}
{"level":"info","message":"usted es usuario"}
{"level":"info","message":"login passport"}
{"level":"info","message":{"__v":0,"_id":"646c246988f6c0977d34ca54","age":18,"cart":"646aeacf7bb59e4962a68f81","email":"javiermaita@hotmail.com.ar","first_name":"Javier","last_name":"Maita","password":"$2b$10$QJk0KSrhgiV/.hY7/zH4qe6qsDepNXDNccVHyvVCIN0y58SeJLz8O","roll":"user"}}
{"level":"info","message":"usted es usuario"}
{"level":"info","message":"login passport"}
{"level":"info","message":{"__v":0,"_id":"646c246988f6c0977d34ca54","age":18,"cart":"646aeacf7bb59e4962a68f81","email":"javiermaita@hotmail.com.ar","first_name":"Javier","last_name":"Maita","password":"$2b$10$QJk0KSrhgiV/.hY7/zH4qe6qsDepNXDNccVHyvVCIN0y58SeJLz8O","roll":"premium"}}
{"level":"info","message":"usted es usuario"}
